Add-in Express Registrator Log File: 09/02/2018 18:21:02

Installation directory: C:\Program Files\WinZip\
Registrator version: 8.4.4395.0
Operating System: Microsoft Windows 10 (build 17134), 64-bit
Process Owner: Administrator
Command Line: "C:\Program Files\WinZip\adxregistrator.exe" /uninstall="C:\Program Files\WinZip\WinZipExpressForOffice.dll" /privileges=user
Run 'As Administrator': Yes
Process Elevated: Yes
Integrity Level: High
UAC (User Account Control): On
--------------------------------------------------------------
18:21:02 0540 Starting the add-in unregistration process.
18:21:02 0540 Loading mscoree.dll
18:21:02 0540 Success.
18:21:02 0540 .NET Framework installation directory: 
18:21:02 0540 The latest version of .NET Framework: 'v4.0.30319'
18:21:02 0540 Loading CLR: v4.0.30319.
18:21:02 0540 Calling CLRCreateInstance method.
18:21:02 0540 Success.
18:21:02 0540 Calling GetRuntime method.
18:21:02 0540 Success.
18:21:02 0540 Checking if the hosting API of .NET Framework v4.0 beta is installed.
18:21:02 0540 The hosting API is up to date.
18:21:02 0540 Calling GetInterface method for the CorRuntimeHost interface.
18:21:02 0540 Success.
18:21:02 0540 Starting CLR...
18:21:02 0540 Success.
18:21:02 0540 Getting the CLR version.
18:21:02 0540 The CLR v4.0.30319 has been initialized successfully.
18:21:02 0540 Creating a new domain setup.
18:21:02 0540 Success.
18:21:02 0540 The 'shadow copy' is disabled.
18:21:02 0540 Creating a new application domain.
18:21:02 0540 Success.
18:21:02 0540 Getting the base directory for the domain.
18:21:02 0540 Success. The directory is 'C:\Program Files\WinZip\'.
18:21:02 0540 Searching for the Add-in Express core library.
18:21:02 0540 Success. The 'AddinExpress.MSO.2005.dll' file is found.
18:21:02 0540 Creating an instance of the 'AddinExpress.Deployment.ADXRegistrator' class.
18:21:02 0540 Assembly identity is 'AddinExpress.MSO.2005'.
18:21:02 0540 Success.
18:21:02 0540 Unwrapping the instance of the 'AddinExpress.Deployment.ADXRegistrator' class.
18:21:02 0540 Success.
18:21:02 0540 Calling the managed unregistration procedure (DISPID = 1610743823).
18:21:02 0540 Unregistration success.
18:21:02 0540 The add-in unregistration process is completed with HRESULT = 0.
